<?xml version="1.0" encoding="UTF-8"?>
<testsuite xmlns:xsi="http://www.w3.org/2001/XMLSchema-instance" xsi:noNamespaceSchemaLocation="https://maven.apache.org/surefire/maven-surefire-plugin/xsd/surefire-test-report-3.0.xsd" version="3.0" name="praktikum.BurgerTest" time="1.055" tests="10" errors="0" skipped="0" failures="0">
  <properties>
[...]
</properties>
  <testcase name="testGetPriceWithoutIngredients" classname="praktikum.BurgerTest" time="0.996"/>
  <testcase name="testCalculateCorrectPrice" classname="praktikum.BurgerTest" time="0.002"/>
  <testcase name="testAddedIngredientIsContainedInList" classname="praktikum.BurgerTest" time="0.002"/>
  <testcase name="testGetReceiptWithBunAndIngredients" classname="praktikum.BurgerTest" time="0.008"/>
  <testcase name="testGetReceiptContainsPrice" classname="praktikum.BurgerTest" time="0.003"/>
  <testcase name="testMoveIngredientChangesOrder" classname="praktikum.BurgerTest" time="0.002"/>
  <testcase name="testAddMultipleIngredientsIncreasesSize" classname="praktikum.BurgerTest" time="0.003"/>
  <testcase name="testRemoveIngredientReducesSize" classname="praktikum.BurgerTest" time="0.003"/>
  <testcase name="testAddIngredient" classname="praktikum.BurgerTest" time="0.002"/>
  <testcase name="testSetBun" classname="praktikum.BurgerTest" time="0.002"/>
</testsuite>