<?xml version="1.0" encoding="UTF-8"?>
<testsuite xmlns:xsi="http://www.w3.org/2001/XMLSchema-instance" xsi:noNamespaceSchemaLocation="https://maven.apache.org/surefire/maven-surefire-plugin/xsd/surefire-test-report-3.0.xsd" version="3.0" name="praktikum.BunTest" time="0.083" tests="20" errors="0" skipped="0" failures="0">
  <properties>
[...]
</properties>
  <testcase name="testGetPrice[0]" classname="praktikum.BunTest" time="0.007"/>
  <testcase name="testGetName[0]" classname="praktikum.BunTest" time="0.0"/>
  <testcase name="testBunConstructorAndGetters[0]" classname="praktikum.BunTest" time="0.0"/>
  <testcase name="testBunWithSpecialCharacters[0]" classname="praktikum.BunTest" time="0.0"/>
  <testcase name="testGetPrice[1]" classname="praktikum.BunTest" time="0.0"/>
  <testcase name="testGetName[1]" classname="praktikum.BunTest" time="0.0"/>
  <testcase name="testBunConstructorAndGetters[1]" classname="praktikum.BunTest" time="0.0"/>
  <testcase name="testBunWithSpecialCharacters[1]" classname="praktikum.BunTest" time="0.001"/>
  <testcase name="testGetPrice[2]" classname="praktikum.BunTest" time="0.0"/>
  <testcase name="testGetName[2]" classname="praktikum.BunTest" time="0.0"/>
  <testcase name="testBunConstructorAndGetters[2]" classname="praktikum.BunTest" time="0.0"/>
  <testcase name="testBunWithSpecialCharacters[2]" classname="praktikum.BunTest" time="0.0"/>
  <testcase name="testGetPrice[3]" classname="praktikum.BunTest" time="0.0"/>
  <testcase name="testGetName[3]" classname="praktikum.BunTest" time="0.0"/>
  <testcase name="testBunConstructorAndGetters[3]" classname="praktikum.BunTest" time="0.0"/>
  <testcase name="testBunWithSpecialCharacters[3]" classname="praktikum.BunTest" time="0.001"/>
  <testcase name="testGetPrice[4]" classname="praktikum.BunTest" time="0.0"/>
  <testcase name="testGetName[4]" classname="praktikum.BunTest" time="0.0"/>
  <testcase name="testBunConstructorAndGetters[4]" classname="praktikum.BunTest" time="0.0"/>
  <testcase name="testBunWithSpecialCharacters[4]" classname="praktikum.BunTest" time="0.0"/>
</testsuite>